<?xml version="1.0" encoding="UTF-8"?>
<!-- Generated by org.testng.reporters.JUnitReportReporter -->
<testsuite hostname="Itz-Aravind-PC" failures="0" tests="4" name="testng.Program1" time="12.446" errors="0" timestamp="2023-11-06T23:55:17 IST" skipped="0">
  <testcase classname="testng.Program1" name="setup" time="11.756"/>
  <system-out/>
  <testcase classname="testng.Program1" name="verifyLogo" time="0.124"/>
  <system-out/>
  <testcase classname="testng.Program1" name="verifyRequestDemoButton" time="0.089"/>
  <system-out/>
  <testcase classname="testng.Program1" name="tearDown" time="0.477"/>
  <system-out/>
</testsuite> <!-- testng.Program1 -->
