<?xml version="1.0" encoding="UTF-8"?>
<!-- Generated by org.testng.reporters.JUnitReportReporter -->
<testsuite hostname="Itz-Aravind-PC" failures="0" tests="4" name="testng.Program2" time="70.549" errors="0" timestamp="2023-11-06T23:55:17 IST" skipped="0">
  <testcase classname="testng.Program2" name="setup" time="9.105"/>
  <system-out/>
  <testcase classname="testng.Program2" name="handleCookiePopup" time="0.417"/>
  <system-out/>
  <testcase classname="testng.Program2" name="verifyLinksAndNavigation" time="60.371"/>
  <system-out/>
  <testcase classname="testng.Program2" name="tearDown" time="0.656"/>
  <system-out/>
</testsuite> <!-- testng.Program2 -->
